<?xml version="1.0" encoding="UTF-8"?>
<robot generator="Robot 4.0.2 (Python 3.9.5 on win32)" generated="20210520 22:01:39.638" rpa="false" schemaversion="2">
<suite id="s1" name="Tests" source="C:\automacao\tests">
<suite id="s1-s1" name="testeCases" source="C:\automacao\tests\testeCases.robot">
<kw name="Abrindo o Browser" library="Keywords" type="SETUP">
<kw name="Get Selenium Speed" library="SeleniumLibrary">
<doc>Gets the delay that is waited after each Selenium command.</doc>
<status status="PASS" starttime="20210520 22:01:40.421" endtime="20210520 22:01:40.422"/>
</kw>
<kw name="Open Browser" library="SeleniumLibrary">
<arg>https://www.lojasrenner.com.br</arg>
<arg>${BROWSER}</arg>
<doc>Opens a new browser instance to the optional ``url``.</doc>
<msg timestamp="20210520 22:01:40.423" level="INFO">Opening browser 'chrome' to base url 'https://www.lojasrenner.com.br'.</msg>
<status status="PASS" starttime="20210520 22:01:40.422" endtime="20210520 22:02:00.385"/>
</kw>
<status status="PASS" starttime="20210520 22:01:40.421" endtime="20210520 22:02:00.387"/>
</kw>
<test id="s1-s1-t1" name="Testando For">
<kw name="Buscar tela de Camisa" library="Keywords">
<kw name="Wait Until Element Is Visible" library="SeleniumLibrary">
<arg>${SEACH}</arg>
<doc>Waits until the element ``locator`` is visible.</doc>
<status status="PASS" starttime="20210520 22:02:00.395" endtime="20210520 22:02:00.735"/>
</kw>
<kw name="Press Keys" library="SeleniumLibrary">
<arg>${SEACH}</arg>
<arg>Camisa Jeans Masculina</arg>
<arg>ENTER</arg>
<doc>Simulates the user pressing key(s) to an element or on the active browser.</doc>
<msg timestamp="20210520 22:02:00.738" level="INFO">Sending key(s) ('Camisa Jeans Masculina', 'ENTER') to xpath://div[@class='search']//input element.</msg>
<msg timestamp="20210520 22:02:01.467" level="INFO">Sending keys Camisa Jeans Masculina</msg>
<msg timestamp="20210520 22:02:03.978" level="INFO">Pressing special key ENTER to element.</msg>
<msg timestamp="20210520 22:02:03.979" level="INFO">Releasing special key ENTER.</msg>
<status status="PASS" starttime="20210520 22:02:00.736" endtime="20210520 22:02:04.400"/>
</kw>
<status status="PASS" starttime="20210520 22:02:00.394" endtime="20210520 22:02:04.401"/>
</kw>
<kw name="Adicionar produto no carrinho" library="Keywords">
<kw name="Wait Until Element Is Visible" library="SeleniumLibrary">
<arg>${CAMISA}</arg>
<doc>Waits until the element ``locator`` is visible.</doc>
<status status="PASS" starttime="20210520 22:02:04.428" endtime="20210520 22:02:09.224"/>
</kw>
<kw name="Click Element" library="SeleniumLibrary">
<arg>${CAMISA}</arg>
<doc>Click the element identified by ``locator``.</doc>
<msg timestamp="20210520 22:02:09.226" level="INFO">Clicking element 'xpath://a[@href='/p/camisa-jeans-com-bordado-tom-e-jerry/-/A-560301611-br.lr?sku=560301637']'.</msg>
<status status="PASS" starttime="20210520 22:02:09.225" endtime="20210520 22:02:26.912"/>
</kw>
<kw name="Wait Until Element Is Visible" library="SeleniumLibrary">
<arg>${TAMANHOS}</arg>
<doc>Waits until the element ``locator`` is visible.</doc>
<kw name="Capture Page Screenshot" library="SeleniumLibrary">
<doc>Takes a screenshot of the current page and embeds it into a log file.</doc>
<msg timestamp="20210520 22:02:38.135" level="INFO" html="true">&lt;/td&gt;&lt;/tr&gt;&lt;tr&gt;&lt;td colspan="3"&gt;&lt;a href="selenium-screenshot-3.png"&gt;&lt;img src="selenium-screenshot-3.png" width="800px"&gt;&lt;/a&gt;</msg>
<status status="PASS" starttime="20210520 22:02:37.785" endtime="20210520 22:02:38.136"/>
</kw>
<msg timestamp="20210520 22:02:38.257" level="FAIL">Element 'xpath://div[@class='slick-list']' not visible after 5 seconds.</msg>
<status status="FAIL" starttime="20210520 22:02:26.913" endtime="20210520 22:02:38.257"/>
</kw>
<status status="FAIL" starttime="20210520 22:02:04.427" endtime="20210520 22:02:38.258"/>
</kw>
<status status="FAIL" starttime="20210520 22:02:00.387" endtime="20210520 22:02:38.263">Element 'xpath://div[@class='slick-list']' not visible after 5 seconds.</status>
</test>
<kw name="Fecha Browser" library="Keywords" type="TEARDOWN">
<kw name="Close Browser" library="SeleniumLibrary">
<doc>Closes the current browser.</doc>
<status status="PASS" starttime="20210520 22:02:38.303" endtime="20210520 22:02:46.283"/>
</kw>
<status status="PASS" starttime="20210520 22:02:38.301" endtime="20210520 22:02:46.284"/>
</kw>
<status status="FAIL" starttime="20210520 22:01:39.736" endtime="20210520 22:02:46.284"/>
</suite>
<status status="FAIL" starttime="20210520 22:01:39.644" endtime="20210520 22:02:46.344"/>
</suite>
<statistics>
<total>
<stat pass="0" fail="1" skip="0">All Tests</stat>
</total>
<tag>
</tag>
<suite>
<stat pass="0" fail="1" skip="0" id="s1" name="Tests">Tests</stat>
<stat pass="0" fail="1" skip="0" id="s1-s1" name="testeCases">Tests.testeCases</stat>
</suite>
</statistics>
<errors>
</errors>
</robot>
